GowinSynthesis start
Running parser ...
Analyzing Verilog file 'D:\Nano4KProjects\nano4k_hdmi_tx\FPGADesign\nano4k_hdmi_tx\src\encoder_serializer.v'
WARN  (EX3012) : Empty statement in sequential block("D:\Nano4KProjects\nano4k_hdmi_tx\FPGADesign\nano4k_hdmi_tx\src\encoder_serializer.v":88)
Analyzing Verilog file 'D:\Nano4KProjects\nano4k_hdmi_tx\FPGADesign\nano4k_hdmi_tx\src\num_of_ones.v'
WARN  (EX2664) : Variable 'disparityCounter' is used before it is assigned in an always_comb or always @* block, synthesis - simulation differences may occur("D:\Nano4KProjects\nano4k_hdmi_tx\FPGADesign\nano4k_hdmi_tx\src\encoder_serializer.v":62)
WARN  (EX2664) : Variable 'disparityCounter' is used before it is assigned in an always_comb or always @* block, synthesis - simulation differences may occur("D:\Nano4KProjects\nano4k_hdmi_tx\FPGADesign\nano4k_hdmi_tx\src\encoder_serializer.v":64)
WARN  (EX2664) : Variable 'disparityCounter' is used before it is assigned in an always_comb or always @* block, synthesis - simulation differences may occur("D:\Nano4KProjects\nano4k_hdmi_tx\FPGADesign\nano4k_hdmi_tx\src\encoder_serializer.v":74)
WARN  (EX2664) : Variable 'disparityCounter' is used before it is assigned in an always_comb or always @* block, synthesis - simulation differences may occur("D:\Nano4KProjects\nano4k_hdmi_tx\FPGADesign\nano4k_hdmi_tx\src\encoder_serializer.v":77)
Compiling module 'encoder_serializer'("D:\Nano4KProjects\nano4k_hdmi_tx\FPGADesign\nano4k_hdmi_tx\src\encoder_serializer.v":1)
Compiling module 'num_of_ones'("D:\Nano4KProjects\nano4k_hdmi_tx\FPGADesign\nano4k_hdmi_tx\src\num_of_ones.v":1)
NOTE  (EX0101) : Current top module is "encoder_serializer"
WARN  (EX0211) : The output port "tmdsOut" of module "encoder_serializer" has no driver("D:\Nano4KProjects\nano4k_hdmi_tx\FPGADesign\nano4k_hdmi_tx\src\encoder_serializer.v":10)
[5%] Running netlist conversion ...
WARN  (CV0003) : Output "tmdsOut" has undriven bits, assigning undriven bits to Z, simulation mismatch possible("D:\Nano4KProjects\nano4k_hdmi_tx\FPGADesign\nano4k_hdmi_tx\src\encoder_serializer.v":10)
Running device independent optimization ...
[10%] Optimizing Phase 0 completed
[15%] Optimizing Phase 1 completed
[25%] Optimizing Phase 2 completed
Running inference ...
[30%] Inferring Phase 0 completed
[40%] Inferring Phase 1 completed
[50%] Inferring Phase 2 completed
[55%] Inferring Phase 3 completed
Running technical mapping ...
[60%] Tech-Mapping Phase 0 completed
[65%] Tech-Mapping Phase 1 completed
[75%] Tech-Mapping Phase 2 completed
[80%] Tech-Mapping Phase 3 completed
[90%] Tech-Mapping Phase 4 completed
WARN  (NL0002) : The module "num_of_ones" instantiated to "ones_in_pixel" is swept in optimizing("D:\Nano4KProjects\nano4k_hdmi_tx\FPGADesign\nano4k_hdmi_tx\src\encoder_serializer.v":19)
WARN  (NL0002) : The module "num_of_ones" instantiated to "ones_in_tmds_buffer" is swept in optimizing("D:\Nano4KProjects\nano4k_hdmi_tx\FPGADesign\nano4k_hdmi_tx\src\encoder_serializer.v":25)
[95%] Generate netlist file "D:\Nano4KProjects\nano4k_hdmi_tx\FPGADesign\nano4k_hdmi_tx\impl\gwsynthesis\nano4k_hdmi_tx.vg" completed
[100%] Generate report file "D:\Nano4KProjects\nano4k_hdmi_tx\FPGADesign\nano4k_hdmi_tx\impl\gwsynthesis\nano4k_hdmi_tx_syn.rpt.html" completed
GowinSynthesis finish
